 Number of BODIES (nbodies): 1 
   Number of SHELLS: 1 
   Number of FACES: 8 
   Number of LOOPS: 8 
   Number of EDGES: 20 
   Number of NODES: 6 
          LOOP ID: 1
            EDGE ID: 1
 Range = 0.000000, 0.000000, 0.000000, 0.000000 
              NODE ID: 1 
                 (x, y, z) = (0.000000, 0.000000, 0.025400) 
            EDGE ID: 2
 Range = 0.000000, 0.000000, 0.025400, 0.000000 
              NODE ID: 2 
                 (x, y, z) = (0.000000, 0.025400, 0.000000) 
              NODE ID: 1 
                 (x, y, z) = (0.000000, 0.000000, 0.025400) 
            EDGE ID: 3
 Range = 0.000000, 0.000000, 0.025400, 0.000000 
              NODE ID: 2 
                 (x, y, z) = (0.000000, 0.025400, 0.000000) 
              NODE ID: 3 
                 (x, y, z) = (-0.025400, 0.000000, 0.000000) 
            EDGE ID: 4
 Range = -0.025400, 0.000000, 0.000000, 0.000000 
              NODE ID: 3 
                 (x, y, z) = (-0.025400, 0.000000, 0.000000) 
              NODE ID: 1 
                 (x, y, z) = (0.000000, 0.000000, 0.025400) 
          LOOP ID: 2
            EDGE ID: 5
 Range = 0.000000, 0.000000, 0.025400, 0.000000 
              NODE ID: 1 
                 (x, y, z) = (0.000000, 0.000000, 0.025400) 
            EDGE ID: 4
 Range = 0.000000, 0.000000, 0.025400, 0.000000 
              NODE ID: 3 
                 (x, y, z) = (-0.025400, 0.000000, 0.000000) 
              NODE ID: 1 
                 (x, y, z) = (0.000000, 0.000000, 0.025400) 
            EDGE ID: 6
 Range = 0.000000, 0.000000, 0.025400, 0.000000 
              NODE ID: 3 
                 (x, y, z) = (-0.025400, 0.000000, 0.000000) 
              NODE ID: 4 
                 (x, y, z) = (-0.000000, -0.025400, 0.000000) 
            EDGE ID: 7
 Range = -0.000000, -0.025400, 0.000000, 0.000000 
              NODE ID: 4 
                 (x, y, z) = (-0.000000, -0.025400, 0.000000) 
              NODE ID: 1 
                 (x, y, z) = (0.000000, 0.000000, 0.025400) 
          LOOP ID: 3
            EDGE ID: 8
 Range = 0.000000, 0.000000, 0.025400, 0.000000 
              NODE ID: 1 
                 (x, y, z) = (0.000000, 0.000000, 0.025400) 
            EDGE ID: 7
 Range = 0.000000, 0.000000, 0.025400, 0.000000 
              NODE ID: 4 
                 (x, y, z) = (-0.000000, -0.025400, 0.000000) 
              NODE ID: 1 
                 (x, y, z) = (0.000000, 0.000000, 0.025400) 
            EDGE ID: 9
 Range = 0.000000, 0.000000, 0.025400, 0.000000 
              NODE ID: 4 
                 (x, y, z) = (-0.000000, -0.025400, 0.000000) 
              NODE ID: 5 
                 (x, y, z) = (0.025400, 0.000000, 0.000000) 
            EDGE ID: 10
 Range = 0.025400, 0.000000, 0.000000, 0.000000 
              NODE ID: 5 
                 (x, y, z) = (0.025400, 0.000000, 0.000000) 
              NODE ID: 1 
                 (x, y, z) = (0.000000, 0.000000, 0.025400) 
          LOOP ID: 4
            EDGE ID: 9
 Range = 0.000000, 0.000000, 0.025400, 0.000000 
              NODE ID: 4 
                 (x, y, z) = (-0.000000, -0.025400, 0.000000) 
              NODE ID: 5 
                 (x, y, z) = (0.025400, 0.000000, 0.000000) 
            EDGE ID: 11
 Range = 0.025400, 0.000000, 0.000000, 0.000000 
              NODE ID: 6 
                 (x, y, z) = (0.000000, 0.000000, -0.025400) 
              NODE ID: 4 
                 (x, y, z) = (-0.000000, -0.025400, 0.000000) 
            EDGE ID: 12
 Range = -0.000000, -0.025400, 0.000000, 0.000000 
              NODE ID: 6 
                 (x, y, z) = (0.000000, 0.000000, -0.025400) 
            EDGE ID: 13
 Range = 0.000000, 0.000000, -0.025400, 0.000000 
              NODE ID: 6 
                 (x, y, z) = (0.000000, 0.000000, -0.025400) 
              NODE ID: 5 
                 (x, y, z) = (0.025400, 0.000000, 0.000000) 
          LOOP ID: 5
            EDGE ID: 3
 Range = 0.025400, 0.000000, 0.000000, 0.000000 
              NODE ID: 2 
                 (x, y, z) = (0.000000, 0.025400, 0.000000) 
              NODE ID: 3 
                 (x, y, z) = (-0.025400, 0.000000, 0.000000) 
            EDGE ID: 14
 Range = -0.025400, 0.000000, 0.000000, 0.000000 
              NODE ID: 6 
                 (x, y, z) = (0.000000, 0.000000, -0.025400) 
              NODE ID: 2 
                 (x, y, z) = (0.000000, 0.025400, 0.000000) 
            EDGE ID: 15
 Range = 0.000000, 0.025400, 0.000000, 0.000000 
              NODE ID: 6 
                 (x, y, z) = (0.000000, 0.000000, -0.025400) 
            EDGE ID: 16
 Range = 0.000000, 0.000000, -0.025400, 0.000000 
              NODE ID: 6 
                 (x, y, z) = (0.000000, 0.000000, -0.025400) 
              NODE ID: 3 
                 (x, y, z) = (-0.025400, 0.000000, 0.000000) 
          LOOP ID: 6
            EDGE ID: 6
 Range = -0.025400, 0.000000, 0.000000, 0.000000 
              NODE ID: 3 
                 (x, y, z) = (-0.025400, 0.000000, 0.000000) 
              NODE ID: 4 
                 (x, y, z) = (-0.000000, -0.025400, 0.000000) 
            EDGE ID: 16
 Range = -0.000000, -0.025400, 0.000000, 0.000000 
              NODE ID: 6 
                 (x, y, z) = (0.000000, 0.000000, -0.025400) 
              NODE ID: 3 
                 (x, y, z) = (-0.025400, 0.000000, 0.000000) 
            EDGE ID: 17
 Range = -0.025400, 0.000000, 0.000000, 0.000000 
              NODE ID: 6 
                 (x, y, z) = (0.000000, 0.000000, -0.025400) 
            EDGE ID: 11
 Range = 0.000000, 0.000000, -0.025400, 0.000000 
              NODE ID: 6 
                 (x, y, z) = (0.000000, 0.000000, -0.025400) 
              NODE ID: 4 
                 (x, y, z) = (-0.000000, -0.025400, 0.000000) 
          LOOP ID: 7
            EDGE ID: 18
 Range = -0.000000, -0.025400, 0.000000, 0.000000 
              NODE ID: 5 
                 (x, y, z) = (0.025400, 0.000000, 0.000000) 
              NODE ID: 2 
                 (x, y, z) = (0.000000, 0.025400, 0.000000) 
            EDGE ID: 13
 Range = 0.000000, 0.025400, 0.000000, 0.000000 
              NODE ID: 6 
                 (x, y, z) = (0.000000, 0.000000, -0.025400) 
              NODE ID: 5 
                 (x, y, z) = (0.025400, 0.000000, 0.000000) 
            EDGE ID: 19
 Range = 0.025400, 0.000000, 0.000000, 0.000000 
              NODE ID: 6 
                 (x, y, z) = (0.000000, 0.000000, -0.025400) 
            EDGE ID: 14
 Range = 0.000000, 0.000000, -0.025400, 0.000000 
              NODE ID: 6 
                 (x, y, z) = (0.000000, 0.000000, -0.025400) 
              NODE ID: 2 
                 (x, y, z) = (0.000000, 0.025400, 0.000000) 
          LOOP ID: 8
            EDGE ID: 20
 Range = 0.000000, 0.025400, 0.000000, 0.000000 
              NODE ID: 1 
                 (x, y, z) = (0.000000, 0.000000, 0.025400) 
            EDGE ID: 10
 Range = 0.000000, 0.000000, 0.025400, 0.000000 
              NODE ID: 5 
                 (x, y, z) = (0.025400, 0.000000, 0.000000) 
              NODE ID: 1 
                 (x, y, z) = (0.000000, 0.000000, 0.025400) 
            EDGE ID: 18
 Range = 0.000000, 0.000000, 0.025400, 0.000000 
              NODE ID: 5 
                 (x, y, z) = (0.025400, 0.000000, 0.000000) 
              NODE ID: 2 
                 (x, y, z) = (0.000000, 0.025400, 0.000000) 
            EDGE ID: 2
 Range = 0.000000, 0.025400, 0.000000, 0.000000 
              NODE ID: 2 
                 (x, y, z) = (0.000000, 0.025400, 0.000000) 
              NODE ID: 1 
                 (x, y, z) = (0.000000, 0.000000, 0.025400) 

PLEX Input Array Checkouts
 Total Number of Unique Cells    = 8 
 Total Number of Unique Vertices = 6 
    Node ID = 1 
      (x,y,z) = (0.000000, 0.000000, 0.025400) 
 
    Node ID = 2 
      (x,y,z) = (0.000000, 0.025400, 0.000000) 
 
    Node ID = 3 
      (x,y,z) = (-0.025400, 0.000000, 0.000000) 
 
    Node ID = 4 
      (x,y,z) = (-0.000000, -0.025400, 0.000000) 
 
    Node ID = 5 
      (x,y,z) = (0.025400, 0.000000, 0.000000) 
 
    Node ID = 6 
      (x,y,z) = (0.000000, 0.000000, -0.025400) 
 
    LOOP ID: 1 
      EDGE ID: 1 
      EDGE ID: 2 
        EGDE 2 is DEGENERATE 
      EDGE ID: 3 
      EDGE ID: 4 
      LOOP Corner NODEs (0, 1, 2)
    LOOP ID: 2 
      EDGE ID: 5 
      EDGE ID: 4 
        EGDE 4 is DEGENERATE 
      EDGE ID: 6 
      EDGE ID: 7 
      LOOP Corner NODEs (0, 2, 3)
    LOOP ID: 3 
      EDGE ID: 8 
      EDGE ID: 7 
        EGDE 7 is DEGENERATE 
      EDGE ID: 9 
      EDGE ID: 10 
      LOOP Corner NODEs (0, 3, 4)
    LOOP ID: 4 
      EDGE ID: 9 
      EDGE ID: 11 
      EDGE ID: 12 
      EDGE ID: 13 
        EGDE 13 is DEGENERATE 
      LOOP Corner NODEs (3, 4, 5)
    LOOP ID: 5 
      EDGE ID: 3 
      EDGE ID: 14 
      EDGE ID: 15 
      EDGE ID: 16 
        EGDE 16 is DEGENERATE 
      LOOP Corner NODEs (1, 2, 5)
    LOOP ID: 6 
      EDGE ID: 6 
      EDGE ID: 16 
      EDGE ID: 17 
      EDGE ID: 11 
        EGDE 11 is DEGENERATE 
      LOOP Corner NODEs (2, 3, 5)
    LOOP ID: 7 
      EDGE ID: 18 
      EDGE ID: 13 
      EDGE ID: 19 
      EDGE ID: 14 
        EGDE 14 is DEGENERATE 
      LOOP Corner NODEs (4, 1, 5)
    LOOP ID: 8 
      EDGE ID: 20 
      EDGE ID: 10 
        EGDE 10 is DEGENERATE 
      EDGE ID: 18 
      EDGE ID: 2 
      LOOP Corner NODEs (0, 4, 1)
DM Object: DM_0x84000000_0 1 MPI processes
  type: plex
DM_0x84000000_0 in 2 dimensions:
Supports:
[0] Max support size: 4
[0]: 8 ----> 14
[0]: 8 ----> 16
[0]: 8 ----> 18
[0]: 8 ----> 20
[0]: 9 ----> 14
[0]: 9 ----> 15
[0]: 9 ----> 24
[0]: 9 ----> 25
[0]: 10 ----> 15
[0]: 10 ----> 16
[0]: 10 ----> 17
[0]: 10 ----> 23
[0]: 11 ----> 17
[0]: 11 ----> 18
[0]: 11 ----> 19
[0]: 11 ----> 22
[0]: 12 ----> 19
[0]: 12 ----> 20
[0]: 12 ----> 21
[0]: 12 ----> 25
[0]: 13 ----> 21
[0]: 13 ----> 22
[0]: 13 ----> 23
[0]: 13 ----> 24
[0]: 14 ----> 0
[0]: 14 ----> 7
[0]: 15 ----> 0
[0]: 15 ----> 4
[0]: 16 ----> 0
[0]: 16 ----> 1
[0]: 17 ----> 1
[0]: 17 ----> 5
[0]: 18 ----> 1
[0]: 18 ----> 2
[0]: 19 ----> 2
[0]: 19 ----> 3
[0]: 20 ----> 2
[0]: 20 ----> 7
[0]: 21 ----> 3
[0]: 21 ----> 6
[0]: 22 ----> 3
[0]: 22 ----> 5
[0]: 23 ----> 4
[0]: 23 ----> 5
[0]: 24 ----> 4
[0]: 24 ----> 6
[0]: 25 ----> 6
[0]: 25 ----> 7
Cones:
[0] Max cone size: 3
[0]: 0 <---- 14 (0)
[0]: 0 <---- 15 (0)
[0]: 0 <---- 16 (0)
[0]: 1 <---- 16 (-2)
[0]: 1 <---- 17 (0)
[0]: 1 <---- 18 (0)
[0]: 2 <---- 18 (-2)
[0]: 2 <---- 19 (0)
[0]: 2 <---- 20 (0)
[0]: 3 <---- 19 (0)
[0]: 3 <---- 21 (0)
[0]: 3 <---- 22 (0)
[0]: 4 <---- 15 (0)
[0]: 4 <---- 23 (0)
[0]: 4 <---- 24 (0)
[0]: 5 <---- 17 (0)
[0]: 5 <---- 22 (-2)
[0]: 5 <---- 23 (-2)
[0]: 6 <---- 25 (0)
[0]: 6 <---- 24 (-2)
[0]: 6 <---- 21 (-2)
[0]: 7 <---- 20 (-2)
[0]: 7 <---- 25 (0)
[0]: 7 <---- 14 (-2)
[0]: 14 <---- 8 (0)
[0]: 14 <---- 9 (0)
[0]: 15 <---- 9 (0)
[0]: 15 <---- 10 (0)
[0]: 16 <---- 10 (0)
[0]: 16 <---- 8 (0)
[0]: 17 <---- 10 (0)
[0]: 17 <---- 11 (0)
[0]: 18 <---- 11 (0)
[0]: 18 <---- 8 (0)
[0]: 19 <---- 11 (0)
[0]: 19 <---- 12 (0)
[0]: 20 <---- 12 (0)
[0]: 20 <---- 8 (0)
[0]: 21 <---- 12 (0)
[0]: 21 <---- 13 (0)
[0]: 22 <---- 13 (0)
[0]: 22 <---- 11 (0)
[0]: 23 <---- 10 (0)
[0]: 23 <---- 13 (0)
[0]: 24 <---- 13 (0)
[0]: 24 <---- 9 (0)
[0]: 25 <---- 12 (0)
[0]: 25 <---- 9 (0)
coordinates with 1 fields
  field 0 with 3 components
Process 0:
  (   8) dim  3 offset   0 1.5553e-18 0. 0.0254001
  (   9) dim  3 offset   3 1.5553e-18 0.0254001 0.
  (  10) dim  3 offset   6 -0.0254001 3.11061e-18 0.
  (  11) dim  3 offset   9 -4.66591e-18 -0.0254001 0.
  (  12) dim  3 offset  12 0.0254001 0. 0.
  (  13) dim  3 offset  15 1.5553e-18 0. -0.0254001
